<?xml version="1.0" encoding="UTF-8"?>
<!-- Generated by org.testng.reporters.JUnitReportReporter -->
<testsuite hostname="IN-PG0351PR" failures="0" tests="4" name="tests.FirstTest" time="7.719" errors="0" timestamp="2023-09-29T13:21:29 IST" skipped="0">
  <testcase classname="tests.FirstTest" name="testAuthentication" time="3.466"/>
  <system-out/>
  <testcase classname="tests.FirstTest" name="createBookingTest" time="1.591"/>
  <system-out/>
  <testcase classname="tests.FirstTest" name="updateBookingTest" time="1.310"/>
  <system-out/>
  <testcase classname="tests.FirstTest" name="getBookingTest" time="1.352"/>
  <system-out/>
</testsuite> <!-- tests.FirstTest -->
