<?xml version="1.0" encoding="UTF-8"?>
<!-- Generated by org.testng.reporters.JUnitReportReporter -->
<testsuite hostname="IN-PG0351PR" failures="0" tests="4" name="tests.SecondTest" time="4.830" errors="0" timestamp="2023-09-29T13:21:29 IST" skipped="0">
  <testcase classname="tests.SecondTest" name="testAuthentication" time="1.193"/>
  <system-out/>
  <testcase classname="tests.SecondTest" name="createBookingTest" time="1.189"/>
  <system-out/>
  <testcase classname="tests.SecondTest" name="patchBookingTest" time="1.174"/>
  <system-out/>
  <testcase classname="tests.SecondTest" name="deleteBookingTest" time="1.274"/>
  <system-out/>
</testsuite> <!-- tests.SecondTest -->
